{"context":"MonitoringService","level":"info","message":"PERFORMANCE_METRIC","metric":"HEALTH_CHECK","timestamp":"2025-07-08 00:28:39","type":"PERFORMANCE_METRIC","unit":"ms","value":0}
{"context":"MonitoringService","level":"info","message":"System health check completed: CRITICAL","timestamp":"2025-07-08 00:28:39"}
{"context":"MonitoringService","level":"info","message":"ALERT [CRITICAL]: System health is critical","timestamp":"2025-07-08 00:28:39"}
{"context":"MonitoringService","level":"info","message":"Log analytics completed for timeframe: 1h","timestamp":"2025-07-08 00:28:39"}
{"context":"MonitoringService","level":"info","message":"Analytics report generated: /Users/ccladysmith/Desktop/dev/l1f3/backend/logs/analytics_1751927319542.md","timestamp":"2025-07-08 00:28:39"}
{"context":"MonitoringService","level":"info","message":"PERFORMANCE_METRIC","metric":"LOG_ANALYTICS","timestamp":"2025-07-08 00:28:39","type":"PERFORMANCE_METRIC","unit":"ms","value":1}
{"context":"MonitoringService","level":"info","message":"PERFORMANCE_METRIC","metric":"HEALTH_CHECK","timestamp":"2025-07-08 01:53:19","type":"PERFORMANCE_METRIC","unit":"ms","value":2}
{"context":"MonitoringService","level":"info","message":"System health check completed: CRITICAL","timestamp":"2025-07-08 01:53:19"}
{"context":"MonitoringService","level":"info","message":"ALERT [CRITICAL]: System health is critical","timestamp":"2025-07-08 01:53:19"}
{"context":"MonitoringService","level":"info","message":"Log analytics completed for timeframe: 1h","timestamp":"2025-07-08 01:53:19"}
{"context":"MonitoringService","level":"info","message":"Analytics report generated: /Users/ccladysmith/Desktop/dev/l1f3/backend/logs/analytics_1751932399821.md","timestamp":"2025-07-08 01:53:19"}
{"context":"MonitoringService","level":"info","message":"PERFORMANCE_METRIC","metric":"LOG_ANALYTICS","timestamp":"2025-07-08 01:53:19","type":"PERFORMANCE_METRIC","unit":"ms","value":7}
{"context":"MonitoringService","level":"info","message":"PERFORMANCE_METRIC","metric":"HEALTH_CHECK","timestamp":"2025-07-08 03:02:35","type":"PERFORMANCE_METRIC","unit":"ms","value":1}
{"context":"MonitoringService","level":"info","message":"System health check completed: CRITICAL","timestamp":"2025-07-08 03:02:35"}
{"context":"MonitoringService","level":"info","message":"ALERT [CRITICAL]: System health is critical","timestamp":"2025-07-08 03:02:35"}
{"context":"MonitoringService","level":"info","message":"Log analytics completed for timeframe: 1h","timestamp":"2025-07-08 03:02:35"}
{"context":"MonitoringService","level":"info","message":"Analytics report generated: /Users/ccladysmith/Desktop/dev/l1f3/backend/logs/analytics_1751936555334.md","timestamp":"2025-07-08 03:02:35"}
{"context":"MonitoringService","level":"info","message":"PERFORMANCE_METRIC","metric":"LOG_ANALYTICS","timestamp":"2025-07-08 03:02:35","type":"PERFORMANCE_METRIC","unit":"ms","value":3}
{"context":"MonitoringService","level":"info","message":"PERFORMANCE_METRIC","metric":"HEALTH_CHECK","timestamp":"2025-07-08 04:08:52","type":"PERFORMANCE_METRIC","unit":"ms","value":2}
{"context":"MonitoringService","level":"info","message":"System health check completed: CRITICAL","timestamp":"2025-07-08 04:08:52"}
{"context":"MonitoringService","level":"info","message":"ALERT [CRITICAL]: System health is critical","timestamp":"2025-07-08 04:08:52"}
{"context":"MonitoringService","level":"info","message":"Log analytics completed for timeframe: 1h","timestamp":"2025-07-08 04:08:52"}
{"context":"MonitoringService","level":"info","message":"Analytics report generated: /Users/ccladysmith/Desktop/dev/l1f3/backend/logs/analytics_1751940532484.md","timestamp":"2025-07-08 04:08:52"}
{"context":"MonitoringService","level":"info","message":"PERFORMANCE_METRIC","metric":"LOG_ANALYTICS","timestamp":"2025-07-08 04:08:52","type":"PERFORMANCE_METRIC","unit":"ms","value":2}
{"context":"MonitoringService","level":"info","message":"PERFORMANCE_METRIC","metric":"HEALTH_CHECK","timestamp":"2025-07-08 04:27:31","type":"PERFORMANCE_METRIC","unit":"ms","value":1}
{"context":"MonitoringService","level":"info","message":"System health check completed: CRITICAL","timestamp":"2025-07-08 04:27:31"}
{"context":"MonitoringService","level":"info","message":"ALERT [CRITICAL]: System health is critical","timestamp":"2025-07-08 04:27:31"}
{"context":"MonitoringService","level":"info","message":"PERFORMANCE_METRIC","metric":"HEALTH_CHECK","timestamp":"2025-07-08 05:20:50","type":"PERFORMANCE_METRIC","unit":"ms","value":1}
{"context":"MonitoringService","level":"info","message":"System health check completed: CRITICAL","timestamp":"2025-07-08 05:20:50"}
{"context":"MonitoringService","level":"info","message":"ALERT [CRITICAL]: System health is critical","timestamp":"2025-07-08 05:20:50"}
{"context":"MonitoringService","level":"info","message":"Log analytics completed for timeframe: 1h","timestamp":"2025-07-08 05:20:50"}
{"context":"MonitoringService","level":"info","message":"Analytics report generated: /Users/ccladysmith/Desktop/dev/l1f3/backend/logs/analytics_1751944850875.md","timestamp":"2025-07-08 05:20:50"}
{"context":"MonitoringService","level":"info","message":"PERFORMANCE_METRIC","metric":"LOG_ANALYTICS","timestamp":"2025-07-08 05:20:50","type":"PERFORMANCE_METRIC","unit":"ms","value":3}
{"context":"MonitoringService","level":"info","message":"PERFORMANCE_METRIC","metric":"HEALTH_CHECK","timestamp":"2025-07-08 05:55:21","type":"PERFORMANCE_METRIC","unit":"ms","value":1}
{"context":"MonitoringService","level":"info","message":"System health check completed: CRITICAL","timestamp":"2025-07-08 05:55:21"}
{"context":"MonitoringService","level":"info","message":"ALERT [CRITICAL]: System health is critical","timestamp":"2025-07-08 05:55:21"}
{"context":"GoogleDriveService","level":"info","message":"🌅 Starting FRESH START automated daily briefing generation","timestamp":"2025-07-08 07:02:14"}
{"context":"GoogleDriveService","level":"error","message":"Failed to create daily briefing: No access, refresh token, API key or refresh handler callback is set.","timestamp":"2025-07-08 07:02:14","trace":"Error: No access, refresh token, API key or refresh handler callback is set.\n    at OAuth2Client.getRequestMetadataAsync (/Users/ccladysmith/Desktop/dev/l1f3/node_modules/google-auth-library/build/src/auth/oauth2client.js:307:19)\n    at OAuth2Client.requestAsync (/Users/ccladysmith/Desktop/dev/l1f3/node_modules/google-auth-library/build/src/auth/oauth2client.js:418:34)\n    at OAuth2Client.request (/Users/ccladysmith/Desktop/dev/l1f3/node_modules/google-auth-library/build/src/auth/oauth2client.js:412:25)\n    at createAPIRequestAsync (/Users/ccladysmith/Desktop/dev/l1f3/node_modules/googleapis-common/build/src/apirequest.js:303:31)\n    at createAPIRequest (/Users/ccladysmith/Desktop/dev/l1f3/node_modules/googleapis-common/build/src/apirequest.js:52:16)\n    at Resource$Files.create (/Users/ccladysmith/Desktop/dev/l1f3/node_modules/googleapis/build/src/apis/drive/v3.js:657:65)\n    at GoogleDriveService.createDailyBriefing (/Users/ccladysmith/Desktop/dev/l1f3/backend/src/modules/integrations/google-drive.service.ts:102:47)\n    at GoogleDriveService.automatedDailyBriefing (/Users/ccladysmith/Desktop/dev/l1f3/backend/src/modules/integrations/google-drive.service.ts:633:33)\n    at processTicksAndRejections (node:internal/process/task_queues:105:5)\n    at runNextTicks (node:internal/process/task_queues:69:3)\n    at process.processTimers (node:internal/timers:520:9)\n    at async CronJob.<anonymous> (/Users/ccladysmith/Desktop/dev/l1f3/node_modules/@nestjs/schedule/dist/schedule.explorer.js:119:17)"}
{"action":"SYNC","duration":43,"errorMessage":"No access, refresh token, API key or refresh handler callback is set.","level":"info","message":"INTEGRATION","metadata":{"date":"2025-07-08","operation":"CREATE_DAILY_BRIEFING"},"service":"GOOGLE_DRIVE","status":"FAILED","timestamp":"2025-07-08 07:02:14","type":"INTEGRATION"}
{"context":"GoogleDriveService","level":"error","message":"❌ Failed to create fresh start daily briefing","timestamp":"2025-07-08 07:02:14","trace":"No access, refresh token, API key or refresh handler callback is set."}
{"context":"GoogleDriveService","level":"info","message":"🔄 Creating fresh start hourly snapshot","timestamp":"2025-07-08 07:02:14"}
{"context":"GoogleDriveService","level":"error","message":"Failed to backup financial data: No access, refresh token, API key or refresh handler callback is set.","timestamp":"2025-07-08 07:02:14","trace":"Error: No access, refresh token, API key or refresh handler callback is set.\n    at OAuth2Client.getRequestMetadataAsync (/Users/ccladysmith/Desktop/dev/l1f3/node_modules/google-auth-library/build/src/auth/oauth2client.js:307:19)\n    at OAuth2Client.requestAsync (/Users/ccladysmith/Desktop/dev/l1f3/node_modules/google-auth-library/build/src/auth/oauth2client.js:418:34)\n    at OAuth2Client.request (/Users/ccladysmith/Desktop/dev/l1f3/node_modules/google-auth-library/build/src/auth/oauth2client.js:412:25)\n    at createAPIRequestAsync (/Users/ccladysmith/Desktop/dev/l1f3/node_modules/googleapis-common/build/src/apirequest.js:303:31)\n    at createAPIRequest (/Users/ccladysmith/Desktop/dev/l1f3/node_modules/googleapis-common/build/src/apirequest.js:52:16)\n    at Resource$Files.create (/Users/ccladysmith/Desktop/dev/l1f3/node_modules/googleapis/build/src/apis/drive/v3.js:657:65)\n    at GoogleDriveService.backupFinancialData (/Users/ccladysmith/Desktop/dev/l1f3/backend/src/modules/integrations/google-drive.service.ts:330:47)\n    at GoogleDriveService.automatedHourlySnapshot (/Users/ccladysmith/Desktop/dev/l1f3/backend/src/modules/integrations/google-drive.service.ts:653:33)\n    at processTicksAndRejections (node:internal/process/task_queues:105:5)\n    at runNextTicks (node:internal/process/task_queues:69:3)\n    at process.processTimers (node:internal/timers:520:9)\n    at async CronJob.<anonymous> (/Users/ccladysmith/Desktop/dev/l1f3/node_modules/@nestjs/schedule/dist/schedule.explorer.js:119:17)"}
{"action":"SYNC","duration":1,"errorMessage":"No access, refresh token, API key or refresh handler callback is set.","level":"info","message":"INTEGRATION","metadata":{"operation":"BACKUP_FINANCIAL_DATA"},"service":"GOOGLE_DRIVE","status":"FAILED","timestamp":"2025-07-08 07:02:14","type":"INTEGRATION"}
{"context":"GoogleDriveService","level":"error","message":"❌ Failed to create hourly snapshot","timestamp":"2025-07-08 07:02:14","trace":"No access, refresh token, API key or refresh handler callback is set."}
{"context":"MonitoringService","level":"info","message":"PERFORMANCE_METRIC","metric":"HEALTH_CHECK","timestamp":"2025-07-08 07:02:14","type":"PERFORMANCE_METRIC","unit":"ms","value":0}
{"context":"MonitoringService","level":"info","message":"System health check completed: CRITICAL","timestamp":"2025-07-08 07:02:14"}
{"context":"MonitoringService","level":"info","message":"ALERT [CRITICAL]: System health is critical","timestamp":"2025-07-08 07:02:14"}
{"context":"MonitoringService","level":"info","message":"Log analytics completed for timeframe: 1h","timestamp":"2025-07-08 07:02:14"}
{"context":"MonitoringService","level":"info","message":"Analytics report generated: /Users/ccladysmith/Desktop/dev/l1f3/backend/logs/analytics_1751950934743.md","timestamp":"2025-07-08 07:02:14"}
{"context":"MonitoringService","level":"info","message":"PERFORMANCE_METRIC","metric":"LOG_ANALYTICS","timestamp":"2025-07-08 07:02:14","type":"PERFORMANCE_METRIC","unit":"ms","value":1}
{"context":"MonitoringService","level":"info","message":"PERFORMANCE_METRIC","metric":"HEALTH_CHECK","timestamp":"2025-07-08 07:07:14","type":"PERFORMANCE_METRIC","unit":"ms","value":3}
{"context":"MonitoringService","level":"info","message":"System health check completed: CRITICAL","timestamp":"2025-07-08 07:07:14"}
{"context":"MonitoringService","level":"info","message":"ALERT [CRITICAL]: System health is critical","timestamp":"2025-07-08 07:07:14"}
{"context":"MonitoringService","level":"info","message":"PERFORMANCE_METRIC","metric":"HEALTH_CHECK","timestamp":"2025-07-08 07:12:14","type":"PERFORMANCE_METRIC","unit":"ms","value":1}
{"context":"MonitoringService","level":"info","message":"System health check completed: CRITICAL","timestamp":"2025-07-08 07:12:14"}
{"context":"MonitoringService","level":"info","message":"ALERT [CRITICAL]: System health is critical","timestamp":"2025-07-08 07:12:14"}
{"context":"MonitoringService","level":"info","message":"PERFORMANCE_METRIC","metric":"HEALTH_CHECK","timestamp":"2025-07-08 07:17:14","type":"PERFORMANCE_METRIC","unit":"ms","value":1}
{"context":"MonitoringService","level":"info","message":"System health check completed: CRITICAL","timestamp":"2025-07-08 07:17:14"}
{"context":"MonitoringService","level":"info","message":"ALERT [CRITICAL]: System health is critical","timestamp":"2025-07-08 07:17:14"}
{"context":"MonitoringService","level":"info","message":"PERFORMANCE_METRIC","metric":"HEALTH_CHECK","timestamp":"2025-07-08 07:22:14","type":"PERFORMANCE_METRIC","unit":"ms","value":10}
{"context":"MonitoringService","level":"info","message":"System health check completed: CRITICAL","timestamp":"2025-07-08 07:22:14"}
{"context":"MonitoringService","level":"info","message":"ALERT [CRITICAL]: System health is critical","timestamp":"2025-07-08 07:22:14"}
{"context":"MonitoringService","level":"info","message":"PERFORMANCE_METRIC","metric":"HEALTH_CHECK","timestamp":"2025-07-08 07:27:14","type":"PERFORMANCE_METRIC","unit":"ms","value":2}
{"context":"MonitoringService","level":"info","message":"System health check completed: CRITICAL","timestamp":"2025-07-08 07:27:14"}
{"context":"MonitoringService","level":"info","message":"ALERT [CRITICAL]: System health is critical","timestamp":"2025-07-08 07:27:14"}
{"context":"MonitoringService","level":"info","message":"PERFORMANCE_METRIC","metric":"HEALTH_CHECK","timestamp":"2025-07-08 07:32:14","type":"PERFORMANCE_METRIC","unit":"ms","value":1}
{"context":"MonitoringService","level":"info","message":"System health check completed: CRITICAL","timestamp":"2025-07-08 07:32:14"}
{"context":"MonitoringService","level":"info","message":"ALERT [CRITICAL]: System health is critical","timestamp":"2025-07-08 07:32:14"}
{"context":"MonitoringService","level":"info","message":"PERFORMANCE_METRIC","metric":"HEALTH_CHECK","timestamp":"2025-07-08 07:37:14","type":"PERFORMANCE_METRIC","unit":"ms","value":1}
{"context":"MonitoringService","level":"info","message":"System health check completed: CRITICAL","timestamp":"2025-07-08 07:37:14"}
{"context":"MonitoringService","level":"info","message":"ALERT [CRITICAL]: System health is critical","timestamp":"2025-07-08 07:37:14"}
{"context":"MonitoringService","level":"info","message":"PERFORMANCE_METRIC","metric":"HEALTH_CHECK","timestamp":"2025-07-08 07:42:14","type":"PERFORMANCE_METRIC","unit":"ms","value":1}
{"context":"MonitoringService","level":"info","message":"System health check completed: CRITICAL","timestamp":"2025-07-08 07:42:14"}
{"context":"MonitoringService","level":"info","message":"ALERT [CRITICAL]: System health is critical","timestamp":"2025-07-08 07:42:14"}
{"context":"MonitoringService","level":"info","message":"PERFORMANCE_METRIC","metric":"HEALTH_CHECK","timestamp":"2025-07-08 07:47:14","type":"PERFORMANCE_METRIC","unit":"ms","value":1}
{"context":"MonitoringService","level":"info","message":"System health check completed: CRITICAL","timestamp":"2025-07-08 07:47:14"}
{"context":"MonitoringService","level":"info","message":"ALERT [CRITICAL]: System health is critical","timestamp":"2025-07-08 07:47:14"}
{"context":"MonitoringService","level":"info","message":"PERFORMANCE_METRIC","metric":"HEALTH_CHECK","timestamp":"2025-07-08 07:52:14","type":"PERFORMANCE_METRIC","unit":"ms","value":1}
{"context":"MonitoringService","level":"info","message":"System health check completed: CRITICAL","timestamp":"2025-07-08 07:52:14"}
{"context":"MonitoringService","level":"info","message":"ALERT [CRITICAL]: System health is critical","timestamp":"2025-07-08 07:52:14"}
{"context":"MonitoringService","level":"info","message":"PERFORMANCE_METRIC","metric":"HEALTH_CHECK","timestamp":"2025-07-08 07:57:14","type":"PERFORMANCE_METRIC","unit":"ms","value":2}
{"context":"MonitoringService","level":"info","message":"System health check completed: CRITICAL","timestamp":"2025-07-08 07:57:14"}
{"context":"MonitoringService","level":"info","message":"ALERT [CRITICAL]: System health is critical","timestamp":"2025-07-08 07:57:14"}
{"context":"GoogleDriveService","level":"info","message":"🔄 Creating fresh start hourly snapshot","timestamp":"2025-07-08 08:00:00"}
{"context":"GoogleDriveService","level":"error","message":"Failed to backup financial data: No access, refresh token, API key or refresh handler callback is set.","timestamp":"2025-07-08 08:00:00","trace":"Error: No access, refresh token, API key or refresh handler callback is set.\n    at OAuth2Client.getRequestMetadataAsync (/Users/ccladysmith/Desktop/dev/l1f3/node_modules/google-auth-library/build/src/auth/oauth2client.js:307:19)\n    at OAuth2Client.requestAsync (/Users/ccladysmith/Desktop/dev/l1f3/node_modules/google-auth-library/build/src/auth/oauth2client.js:418:34)\n    at OAuth2Client.request (/Users/ccladysmith/Desktop/dev/l1f3/node_modules/google-auth-library/build/src/auth/oauth2client.js:412:25)\n    at createAPIRequestAsync (/Users/ccladysmith/Desktop/dev/l1f3/node_modules/googleapis-common/build/src/apirequest.js:303:31)\n    at createAPIRequest (/Users/ccladysmith/Desktop/dev/l1f3/node_modules/googleapis-common/build/src/apirequest.js:52:16)\n    at Resource$Files.create (/Users/ccladysmith/Desktop/dev/l1f3/node_modules/googleapis/build/src/apis/drive/v3.js:657:65)\n    at GoogleDriveService.backupFinancialData (/Users/ccladysmith/Desktop/dev/l1f3/backend/src/modules/integrations/google-drive.service.ts:330:47)\n    at GoogleDriveService.automatedHourlySnapshot (/Users/ccladysmith/Desktop/dev/l1f3/backend/src/modules/integrations/google-drive.service.ts:653:33)\n    at process.processTicksAndRejections (node:internal/process/task_queues:105:5)\n    at async CronJob.<anonymous> (/Users/ccladysmith/Desktop/dev/l1f3/node_modules/@nestjs/schedule/dist/schedule.explorer.js:119:17)"}
{"action":"SYNC","duration":16,"errorMessage":"No access, refresh token, API key or refresh handler callback is set.","level":"info","message":"INTEGRATION","metadata":{"operation":"BACKUP_FINANCIAL_DATA"},"service":"GOOGLE_DRIVE","status":"FAILED","timestamp":"2025-07-08 08:00:00","type":"INTEGRATION"}
{"context":"GoogleDriveService","level":"error","message":"❌ Failed to create hourly snapshot","timestamp":"2025-07-08 08:00:00","trace":"No access, refresh token, API key or refresh handler callback is set."}
{"context":"MonitoringService","level":"info","message":"Log analytics completed for timeframe: 1h","timestamp":"2025-07-08 08:02:14"}
{"context":"MonitoringService","level":"info","message":"Analytics report generated: /Users/ccladysmith/Desktop/dev/l1f3/backend/logs/analytics_1751954534610.md","timestamp":"2025-07-08 08:02:14"}
{"context":"MonitoringService","level":"info","message":"PERFORMANCE_METRIC","metric":"LOG_ANALYTICS","timestamp":"2025-07-08 08:02:14","type":"PERFORMANCE_METRIC","unit":"ms","value":9}
{"context":"MonitoringService","level":"info","message":"PERFORMANCE_METRIC","metric":"HEALTH_CHECK","timestamp":"2025-07-08 08:02:14","type":"PERFORMANCE_METRIC","unit":"ms","value":1}
{"context":"MonitoringService","level":"info","message":"System health check completed: CRITICAL","timestamp":"2025-07-08 08:02:14"}
{"context":"MonitoringService","level":"info","message":"ALERT [CRITICAL]: System health is critical","timestamp":"2025-07-08 08:02:14"}
{"context":"MonitoringService","level":"info","message":"PERFORMANCE_METRIC","metric":"HEALTH_CHECK","timestamp":"2025-07-08 08:07:14","type":"PERFORMANCE_METRIC","unit":"ms","value":2}
{"context":"MonitoringService","level":"info","message":"System health check completed: CRITICAL","timestamp":"2025-07-08 08:07:14"}
{"context":"MonitoringService","level":"info","message":"ALERT [CRITICAL]: System health is critical","timestamp":"2025-07-08 08:07:14"}
{"context":"MonitoringService","level":"info","message":"PERFORMANCE_METRIC","metric":"HEALTH_CHECK","timestamp":"2025-07-08 08:12:14","type":"PERFORMANCE_METRIC","unit":"ms","value":0}
{"context":"MonitoringService","level":"info","message":"System health check completed: CRITICAL","timestamp":"2025-07-08 08:12:14"}
{"context":"MonitoringService","level":"info","message":"ALERT [CRITICAL]: System health is critical","timestamp":"2025-07-08 08:12:14"}
{"context":"MonitoringService","level":"info","message":"PERFORMANCE_METRIC","metric":"HEALTH_CHECK","timestamp":"2025-07-08 08:17:14","type":"PERFORMANCE_METRIC","unit":"ms","value":1}
{"context":"MonitoringService","level":"info","message":"System health check completed: CRITICAL","timestamp":"2025-07-08 08:17:14"}
{"context":"MonitoringService","level":"info","message":"ALERT [CRITICAL]: System health is critical","timestamp":"2025-07-08 08:17:14"}
{"context":"MonitoringService","level":"info","message":"PERFORMANCE_METRIC","metric":"HEALTH_CHECK","timestamp":"2025-07-08 08:22:14","type":"PERFORMANCE_METRIC","unit":"ms","value":1}
{"context":"MonitoringService","level":"info","message":"System health check completed: CRITICAL","timestamp":"2025-07-08 08:22:14"}
{"context":"MonitoringService","level":"info","message":"ALERT [CRITICAL]: System health is critical","timestamp":"2025-07-08 08:22:14"}
{"context":"MonitoringService","level":"info","message":"PERFORMANCE_METRIC","metric":"HEALTH_CHECK","timestamp":"2025-07-08 08:27:14","type":"PERFORMANCE_METRIC","unit":"ms","value":1}
{"context":"MonitoringService","level":"info","message":"System health check completed: CRITICAL","timestamp":"2025-07-08 08:27:14"}
{"context":"MonitoringService","level":"info","message":"ALERT [CRITICAL]: System health is critical","timestamp":"2025-07-08 08:27:14"}
{"context":"MonitoringService","level":"info","message":"PERFORMANCE_METRIC","metric":"HEALTH_CHECK","timestamp":"2025-07-08 08:32:14","type":"PERFORMANCE_METRIC","unit":"ms","value":1}
{"context":"MonitoringService","level":"info","message":"System health check completed: CRITICAL","timestamp":"2025-07-08 08:32:14"}
{"context":"MonitoringService","level":"info","message":"ALERT [CRITICAL]: System health is critical","timestamp":"2025-07-08 08:32:14"}
{"context":"MonitoringService","level":"info","message":"PERFORMANCE_METRIC","metric":"HEALTH_CHECK","timestamp":"2025-07-08 08:37:14","type":"PERFORMANCE_METRIC","unit":"ms","value":1}
{"context":"MonitoringService","level":"info","message":"System health check completed: CRITICAL","timestamp":"2025-07-08 08:37:14"}
{"context":"MonitoringService","level":"info","message":"ALERT [CRITICAL]: System health is critical","timestamp":"2025-07-08 08:37:14"}
{"context":"MonitoringService","level":"info","message":"PERFORMANCE_METRIC","metric":"HEALTH_CHECK","timestamp":"2025-07-08 08:42:14","type":"PERFORMANCE_METRIC","unit":"ms","value":1}
{"context":"MonitoringService","level":"info","message":"System health check completed: CRITICAL","timestamp":"2025-07-08 08:42:14"}
{"context":"MonitoringService","level":"info","message":"ALERT [CRITICAL]: System health is critical","timestamp":"2025-07-08 08:42:14"}
{"context":"MonitoringService","level":"info","message":"PERFORMANCE_METRIC","metric":"HEALTH_CHECK","timestamp":"2025-07-08 08:47:14","type":"PERFORMANCE_METRIC","unit":"ms","value":0}
{"context":"MonitoringService","level":"info","message":"System health check completed: CRITICAL","timestamp":"2025-07-08 08:47:14"}
{"context":"MonitoringService","level":"info","message":"ALERT [CRITICAL]: System health is critical","timestamp":"2025-07-08 08:47:14"}
{"context":"MonitoringService","level":"info","message":"PERFORMANCE_METRIC","metric":"HEALTH_CHECK","timestamp":"2025-07-08 08:52:14","type":"PERFORMANCE_METRIC","unit":"ms","value":3}
{"context":"MonitoringService","level":"info","message":"System health check completed: CRITICAL","timestamp":"2025-07-08 08:52:14"}
{"context":"MonitoringService","level":"info","message":"ALERT [CRITICAL]: System health is critical","timestamp":"2025-07-08 08:52:14"}
