{
  trace: 'DiscordAPIError[0]: 401: Unauthorized\n' +
    '    at handleErrors (/Users/ccladysmith/Desktop/dev/l1f3/node_modules/@discordjs/rest/src/lib/handlers/Shared.ts:148:10)\n' +
    '    at process.processTicksAndRejections (node:internal/process/task_queues:105:5)\n' +
    '    at async SequentialHandler.runRequest (/Users/ccladysmith/Desktop/dev/l1f3/node_modules/@discordjs/rest/src/lib/handlers/SequentialHandler.ts:417:20)\n' +
    '    at async SequentialHandler.queueRequest (/Users/ccladysmith/Desktop/dev/l1f3/node_modules/@discordjs/rest/src/lib/handlers/SequentialHandler.ts:169:11)\n' +
    '    at async _REST.request (/Users/ccladysmith/Desktop/dev/l1f3/node_modules/@discordjs/rest/src/lib/REST.ts:210:20)\n' +
    '    at async DiscordBotService.registerSlashCommands (/Users/ccladysmith/Desktop/dev/l1f3/backend/src/modules/integrations/discord-bot.service.ts:293:9)\n' +
    '    at async DiscordBotService.initializeBot (/Users/ccladysmith/Desktop/dev/l1f3/backend/src/modules/integrations/discord-bot.service.ts:46:7)',
  context: 'DiscordBotService',
  level: 'error',
  message: 'Failed to register slash commands: 401: Unauthorized',
  timestamp: '2025-07-10 13:48:50'
}
{
  trace: 'Error [TokenInvalid]: An invalid token was provided.\n' +
    '    at WebSocketManager.connect (/Users/ccladysmith/Desktop/dev/l1f3/node_modules/discord.js/src/client/websocket/WebSocketManager.js:139:26)\n' +
    '    at Client.login (/Users/ccladysmith/Desktop/dev/l1f3/node_modules/discord.js/src/client/Client.js:229:21)\n' +
    '    at DiscordBotService.initializeBot (/Users/ccladysmith/Desktop/dev/l1f3/backend/src/modules/integrations/discord-bot.service.ts:49:27)\n' +
    '    at process.processTicksAndRejections (node:internal/process/task_queues:105:5)',
  context: 'DiscordBotService',
  level: 'error',
  message: 'Failed to initialize Discord bot: An invalid token was provided.',
  timestamp: '2025-07-10 13:48:51'
}
{
  trace: 'Error: No access, refresh token, API key or refresh handler callback is set.\n' +
    '    at OAuth2Client.getRequestMetadataAsync (/Users/ccladysmith/Desktop/dev/l1f3/node_modules/google-auth-library/build/src/auth/oauth2client.js:307:19)\n' +
    '    at OAuth2Client.requestAsync (/Users/ccladysmith/Desktop/dev/l1f3/node_modules/google-auth-library/build/src/auth/oauth2client.js:418:34)\n' +
    '    at OAuth2Client.request (/Users/ccladysmith/Desktop/dev/l1f3/node_modules/google-auth-library/build/src/auth/oauth2client.js:412:25)\n' +
    '    at createAPIRequestAsync (/Users/ccladysmith/Desktop/dev/l1f3/node_modules/googleapis-common/build/src/apirequest.js:303:31)\n' +
    '    at createAPIRequest (/Users/ccladysmith/Desktop/dev/l1f3/node_modules/googleapis-common/build/src/apirequest.js:52:16)\n' +
    '    at Resource$Files.create (/Users/ccladysmith/Desktop/dev/l1f3/node_modules/googleapis/build/src/apis/drive/v3.js:657:65)\n' +
    '    at GoogleDriveService.backupFinancialData (/Users/ccladysmith/Desktop/dev/l1f3/backend/src/modules/integrations/google-drive.service.ts:330:47)\n' +
    '    at GoogleDriveService.automatedHourlySnapshot (/Users/ccladysmith/Desktop/dev/l1f3/backend/src/modules/integrations/google-drive.service.ts:653:33)\n' +
    '    at process.processTicksAndRejections (node:internal/process/task_queues:105:5)\n' +
    '    at async CronJob.<anonymous> (/Users/ccladysmith/Desktop/dev/l1f3/node_modules/@nestjs/schedule/dist/schedule.explorer.js:119:17)',
  context: 'GoogleDriveService',
  level: 'error',
  message: 'Failed to backup financial data: No access, refresh token, API key or refresh handler callback is set.',
  timestamp: '2025-07-10 14:00:00'
}
{
  trace: 'No access, refresh token, API key or refresh handler callback is set.',
  context: 'GoogleDriveService',
  level: 'error',
  message: '❌ Failed to create hourly snapshot',
  timestamp: '2025-07-10 14:00:00'
}
{
  trace: 'DiscordAPIError[0]: 401: Unauthorized\n' +
    '    at handleErrors (/Users/ccladysmith/Desktop/dev/l1f3/node_modules/@discordjs/rest/src/lib/handlers/Shared.ts:148:10)\n' +
    '    at process.processTicksAndRejections (node:internal/process/task_queues:105:5)\n' +
    '    at async SequentialHandler.runRequest (/Users/ccladysmith/Desktop/dev/l1f3/node_modules/@discordjs/rest/src/lib/handlers/SequentialHandler.ts:417:20)\n' +
    '    at async SequentialHandler.queueRequest (/Users/ccladysmith/Desktop/dev/l1f3/node_modules/@discordjs/rest/src/lib/handlers/SequentialHandler.ts:169:11)\n' +
    '    at async _REST.request (/Users/ccladysmith/Desktop/dev/l1f3/node_modules/@discordjs/rest/src/lib/REST.ts:210:20)\n' +
    '    at async DiscordBotService.registerSlashCommands (/Users/ccladysmith/Desktop/dev/l1f3/backend/src/modules/integrations/discord-bot.service.ts:293:9)\n' +
    '    at async DiscordBotService.initializeBot (/Users/ccladysmith/Desktop/dev/l1f3/backend/src/modules/integrations/discord-bot.service.ts:46:7)',
  context: 'DiscordBotService',
  level: 'error',
  message: 'Failed to register slash commands: 401: Unauthorized',
  timestamp: '2025-07-10 14:17:20'
}
{
  trace: 'Error [TokenInvalid]: An invalid token was provided.\n' +
    '    at WebSocketManager.connect (/Users/ccladysmith/Desktop/dev/l1f3/node_modules/discord.js/src/client/websocket/WebSocketManager.js:139:26)\n' +
    '    at Client.login (/Users/ccladysmith/Desktop/dev/l1f3/node_modules/discord.js/src/client/Client.js:229:21)\n' +
    '    at DiscordBotService.initializeBot (/Users/ccladysmith/Desktop/dev/l1f3/backend/src/modules/integrations/discord-bot.service.ts:49:27)\n' +
    '    at process.processTicksAndRejections (node:internal/process/task_queues:105:5)',
  context: 'DiscordBotService',
  level: 'error',
  message: 'Failed to initialize Discord bot: An invalid token was provided.',
  timestamp: '2025-07-10 14:17:20'
}
