{
  trace: 'DiscordAPIError[50035]: Invalid Form Body\n' +
    'application_id[NUMBER_TYPE_COERCE]: Value "temp" is not snowflake.\n' +
    '    at handleErrors (/Users/ccladysmith/Desktop/dev/l1f3/node_modules/@discordjs/rest/src/lib/handlers/Shared.ts:148:10)\n' +
    '    at process.processTicksAndRejections (node:internal/process/task_queues:105:5)\n' +
    '    at async SequentialHandler.runRequest (/Users/ccladysmith/Desktop/dev/l1f3/node_modules/@discordjs/rest/src/lib/handlers/SequentialHandler.ts:417:20)\n' +
    '    at async SequentialHandler.queueRequest (/Users/ccladysmith/Desktop/dev/l1f3/node_modules/@discordjs/rest/src/lib/handlers/SequentialHandler.ts:169:11)\n' +
    '    at async _REST.request (/Users/ccladysmith/Desktop/dev/l1f3/node_modules/@discordjs/rest/src/lib/REST.ts:210:20)\n' +
    '    at async DiscordBotService.registerSlashCommands (/Users/ccladysmith/Desktop/dev/l1f3/backend/src/modules/integrations/discord-bot.service.ts:293:9)\n' +
    '    at async DiscordBotService.initializeBot (/Users/ccladysmith/Desktop/dev/l1f3/backend/src/modules/integrations/discord-bot.service.ts:46:7)',
  context: 'DiscordBotService',
  level: 'error',
  message: 'Failed to register slash commands: Invalid Form Body\n' +
    'application_id[NUMBER_TYPE_COERCE]: Value "temp" is not snowflake.',
  timestamp: '2025-07-07 09:38:52'
}
{
  trace: 'DiscordAPIError[50035]: Invalid Form Body\n' +
    'application_id[NUMBER_TYPE_COERCE]: Value "temp" is not snowflake.\n' +
    '    at handleErrors (/Users/ccladysmith/Desktop/dev/l1f3/node_modules/@discordjs/rest/src/lib/handlers/Shared.ts:148:10)\n' +
    '    at process.processTicksAndRejections (node:internal/process/task_queues:105:5)\n' +
    '    at async SequentialHandler.runRequest (/Users/ccladysmith/Desktop/dev/l1f3/node_modules/@discordjs/rest/src/lib/handlers/SequentialHandler.ts:417:20)\n' +
    '    at async SequentialHandler.queueRequest (/Users/ccladysmith/Desktop/dev/l1f3/node_modules/@discordjs/rest/src/lib/handlers/SequentialHandler.ts:169:11)\n' +
    '    at async _REST.request (/Users/ccladysmith/Desktop/dev/l1f3/node_modules/@discordjs/rest/src/lib/REST.ts:210:20)\n' +
    '    at async DiscordBotService.registerSlashCommands (/Users/ccladysmith/Desktop/dev/l1f3/backend/src/modules/integrations/discord-bot.service.ts:293:9)\n' +
    '    at async DiscordBotService.initializeBot (/Users/ccladysmith/Desktop/dev/l1f3/backend/src/modules/integrations/discord-bot.service.ts:46:7)',
  context: 'DiscordBotService',
  level: 'error',
  message: 'Failed to register slash commands: Invalid Form Body\n' +
    'application_id[NUMBER_TYPE_COERCE]: Value "temp" is not snowflake.',
  timestamp: '2025-07-07 09:52:58'
}
{
  trace: 'DiscordAPIError[50035]: Invalid Form Body\n' +
    'application_id[NUMBER_TYPE_COERCE]: Value "temp" is not snowflake.\n' +
    '    at handleErrors (/Users/ccladysmith/Desktop/dev/l1f3/node_modules/@discordjs/rest/src/lib/handlers/Shared.ts:148:10)\n' +
    '    at process.processTicksAndRejections (node:internal/process/task_queues:105:5)\n' +
    '    at async SequentialHandler.runRequest (/Users/ccladysmith/Desktop/dev/l1f3/node_modules/@discordjs/rest/src/lib/handlers/SequentialHandler.ts:417:20)\n' +
    '    at async SequentialHandler.queueRequest (/Users/ccladysmith/Desktop/dev/l1f3/node_modules/@discordjs/rest/src/lib/handlers/SequentialHandler.ts:169:11)\n' +
    '    at async _REST.request (/Users/ccladysmith/Desktop/dev/l1f3/node_modules/@discordjs/rest/src/lib/REST.ts:210:20)\n' +
    '    at async DiscordBotService.registerSlashCommands (/Users/ccladysmith/Desktop/dev/l1f3/backend/src/modules/integrations/discord-bot.service.ts:293:9)\n' +
    '    at async DiscordBotService.initializeBot (/Users/ccladysmith/Desktop/dev/l1f3/backend/src/modules/integrations/discord-bot.service.ts:46:7)',
  context: 'DiscordBotService',
  level: 'error',
  message: 'Failed to register slash commands: Invalid Form Body\n' +
    'application_id[NUMBER_TYPE_COERCE]: Value "temp" is not snowflake.',
  timestamp: '2025-07-07 09:55:15'
}
{
  trace: 'DiscordAPIError[50035]: Invalid Form Body\n' +
    'application_id[NUMBER_TYPE_COERCE]: Value "temp" is not snowflake.\n' +
    '    at handleErrors (/Users/ccladysmith/Desktop/dev/l1f3/node_modules/@discordjs/rest/src/lib/handlers/Shared.ts:148:10)\n' +
    '    at process.processTicksAndRejections (node:internal/process/task_queues:105:5)\n' +
    '    at async SequentialHandler.runRequest (/Users/ccladysmith/Desktop/dev/l1f3/node_modules/@discordjs/rest/src/lib/handlers/SequentialHandler.ts:417:20)\n' +
    '    at async SequentialHandler.queueRequest (/Users/ccladysmith/Desktop/dev/l1f3/node_modules/@discordjs/rest/src/lib/handlers/SequentialHandler.ts:169:11)\n' +
    '    at async _REST.request (/Users/ccladysmith/Desktop/dev/l1f3/node_modules/@discordjs/rest/src/lib/REST.ts:210:20)\n' +
    '    at async DiscordBotService.registerSlashCommands (/Users/ccladysmith/Desktop/dev/l1f3/backend/src/modules/integrations/discord-bot.service.ts:293:9)\n' +
    '    at async DiscordBotService.initializeBot (/Users/ccladysmith/Desktop/dev/l1f3/backend/src/modules/integrations/discord-bot.service.ts:46:7)',
  context: 'DiscordBotService',
  level: 'error',
  message: 'Failed to register slash commands: Invalid Form Body\n' +
    'application_id[NUMBER_TYPE_COERCE]: Value "temp" is not snowflake.',
  timestamp: '2025-07-07 09:59:53'
}
{
  trace: 'DiscordAPIError[50035]: Invalid Form Body\n' +
    'application_id[NUMBER_TYPE_COERCE]: Value "temp" is not snowflake.\n' +
    '    at handleErrors (/Users/ccladysmith/Desktop/dev/l1f3/node_modules/@discordjs/rest/src/lib/handlers/Shared.ts:148:10)\n' +
    '    at process.processTicksAndRejections (node:internal/process/task_queues:105:5)\n' +
    '    at async SequentialHandler.runRequest (/Users/ccladysmith/Desktop/dev/l1f3/node_modules/@discordjs/rest/src/lib/handlers/SequentialHandler.ts:417:20)\n' +
    '    at async SequentialHandler.queueRequest (/Users/ccladysmith/Desktop/dev/l1f3/node_modules/@discordjs/rest/src/lib/handlers/SequentialHandler.ts:169:11)\n' +
    '    at async _REST.request (/Users/ccladysmith/Desktop/dev/l1f3/node_modules/@discordjs/rest/src/lib/REST.ts:210:20)\n' +
    '    at async DiscordBotService.registerSlashCommands (/Users/ccladysmith/Desktop/dev/l1f3/backend/src/modules/integrations/discord-bot.service.ts:293:9)\n' +
    '    at async DiscordBotService.initializeBot (/Users/ccladysmith/Desktop/dev/l1f3/backend/src/modules/integrations/discord-bot.service.ts:46:7)',
  context: 'DiscordBotService',
  level: 'error',
  message: 'Failed to register slash commands: Invalid Form Body\n' +
    'application_id[NUMBER_TYPE_COERCE]: Value "temp" is not snowflake.',
  timestamp: '2025-07-07 10:01:52'
}
{
  trace: 'DiscordAPIError[50035]: Invalid Form Body\n' +
    'application_id[NUMBER_TYPE_COERCE]: Value "temp" is not snowflake.\n' +
    '    at handleErrors (/Users/ccladysmith/Desktop/dev/l1f3/node_modules/@discordjs/rest/src/lib/handlers/Shared.ts:148:10)\n' +
    '    at process.processTicksAndRejections (node:internal/process/task_queues:105:5)\n' +
    '    at async SequentialHandler.runRequest (/Users/ccladysmith/Desktop/dev/l1f3/node_modules/@discordjs/rest/src/lib/handlers/SequentialHandler.ts:417:20)\n' +
    '    at async SequentialHandler.queueRequest (/Users/ccladysmith/Desktop/dev/l1f3/node_modules/@discordjs/rest/src/lib/handlers/SequentialHandler.ts:169:11)\n' +
    '    at async _REST.request (/Users/ccladysmith/Desktop/dev/l1f3/node_modules/@discordjs/rest/src/lib/REST.ts:210:20)\n' +
    '    at async DiscordBotService.registerSlashCommands (/Users/ccladysmith/Desktop/dev/l1f3/backend/src/modules/integrations/discord-bot.service.ts:293:9)\n' +
    '    at async DiscordBotService.initializeBot (/Users/ccladysmith/Desktop/dev/l1f3/backend/src/modules/integrations/discord-bot.service.ts:46:7)',
  context: 'DiscordBotService',
  level: 'error',
  message: 'Failed to register slash commands: Invalid Form Body\n' +
    'application_id[NUMBER_TYPE_COERCE]: Value "temp" is not snowflake.',
  timestamp: '2025-07-07 12:05:56'
}
{
  trace: 'DiscordAPIError[50035]: Invalid Form Body\n' +
    'application_id[NUMBER_TYPE_COERCE]: Value "temp" is not snowflake.\n' +
    '    at handleErrors (/Users/ccladysmith/Desktop/dev/l1f3/node_modules/@discordjs/rest/src/lib/handlers/Shared.ts:148:10)\n' +
    '    at process.processTicksAndRejections (node:internal/process/task_queues:105:5)\n' +
    '    at async SequentialHandler.runRequest (/Users/ccladysmith/Desktop/dev/l1f3/node_modules/@discordjs/rest/src/lib/handlers/SequentialHandler.ts:417:20)\n' +
    '    at async SequentialHandler.queueRequest (/Users/ccladysmith/Desktop/dev/l1f3/node_modules/@discordjs/rest/src/lib/handlers/SequentialHandler.ts:169:11)\n' +
    '    at async _REST.request (/Users/ccladysmith/Desktop/dev/l1f3/node_modules/@discordjs/rest/src/lib/REST.ts:210:20)\n' +
    '    at async DiscordBotService.registerSlashCommands (/Users/ccladysmith/Desktop/dev/l1f3/backend/src/modules/integrations/discord-bot.service.ts:293:9)\n' +
    '    at async DiscordBotService.initializeBot (/Users/ccladysmith/Desktop/dev/l1f3/backend/src/modules/integrations/discord-bot.service.ts:46:7)',
  context: 'DiscordBotService',
  level: 'error',
  message: 'Failed to register slash commands: Invalid Form Body\n' +
    'application_id[NUMBER_TYPE_COERCE]: Value "temp" is not snowflake.',
  timestamp: '2025-07-07 12:06:35'
}
{
  trace: 'DiscordAPIError[50035]: Invalid Form Body\n' +
    'application_id[NUMBER_TYPE_COERCE]: Value "temp" is not snowflake.\n' +
    '    at handleErrors (/Users/ccladysmith/Desktop/dev/l1f3/node_modules/@discordjs/rest/src/lib/handlers/Shared.ts:148:10)\n' +
    '    at process.processTicksAndRejections (node:internal/process/task_queues:105:5)\n' +
    '    at async SequentialHandler.runRequest (/Users/ccladysmith/Desktop/dev/l1f3/node_modules/@discordjs/rest/src/lib/handlers/SequentialHandler.ts:417:20)\n' +
    '    at async SequentialHandler.queueRequest (/Users/ccladysmith/Desktop/dev/l1f3/node_modules/@discordjs/rest/src/lib/handlers/SequentialHandler.ts:169:11)\n' +
    '    at async _REST.request (/Users/ccladysmith/Desktop/dev/l1f3/node_modules/@discordjs/rest/src/lib/REST.ts:210:20)\n' +
    '    at async DiscordBotService.registerSlashCommands (/Users/ccladysmith/Desktop/dev/l1f3/backend/src/modules/integrations/discord-bot.service.ts:293:9)\n' +
    '    at async DiscordBotService.initializeBot (/Users/ccladysmith/Desktop/dev/l1f3/backend/src/modules/integrations/discord-bot.service.ts:46:7)',
  context: 'DiscordBotService',
  level: 'error',
  message: 'Failed to register slash commands: Invalid Form Body\n' +
    'application_id[NUMBER_TYPE_COERCE]: Value "temp" is not snowflake.',
  timestamp: '2025-07-07 12:07:46'
}
{
  trace: 'ConnectTimeoutError: Connect Timeout Error (attempted addresses: 162.159.137.232:443, 162.159.138.232:443, 162.159.136.232:443, 162.159.135.232:443, 162.159.128.233:443, timeout: 10000ms)\n' +
    '    at onConnectTimeout (/Users/ccladysmith/Desktop/dev/l1f3/node_modules/undici/lib/core/connect.js:237:24)\n' +
    '    at Immediate._onImmediate (/Users/ccladysmith/Desktop/dev/l1f3/node_modules/undici/lib/core/connect.js:206:11)\n' +
    '    at process.processImmediate (node:internal/timers:485:21)',
  context: 'DiscordBotService',
  level: 'error',
  message: 'Failed to register slash commands: Connect Timeout Error (attempted addresses: 162.159.137.232:443, 162.159.138.232:443, 162.159.136.232:443, 162.159.135.232:443, 162.159.128.233:443, timeout: 10000ms)',
  timestamp: '2025-07-07 12:10:17'
}
{
  trace: 'ConnectTimeoutError: Connect Timeout Error (attempted addresses: 162.159.137.232:443, 162.159.138.232:443, 162.159.136.232:443, 162.159.135.232:443, 162.159.128.233:443, timeout: 10000ms)\n' +
    '    at onConnectTimeout (/Users/ccladysmith/Desktop/dev/l1f3/node_modules/undici/lib/core/connect.js:237:24)\n' +
    '    at Immediate._onImmediate (/Users/ccladysmith/Desktop/dev/l1f3/node_modules/undici/lib/core/connect.js:206:11)\n' +
    '    at process.processImmediate (node:internal/timers:485:21)',
  context: 'DiscordBotService',
  level: 'error',
  message: 'Failed to initialize Discord bot: Connect Timeout Error (attempted addresses: 162.159.137.232:443, 162.159.138.232:443, 162.159.136.232:443, 162.159.135.232:443, 162.159.128.233:443, timeout: 10000ms)',
  timestamp: '2025-07-07 12:10:27'
}
{
  trace: 'DiscordAPIError[50035]: Invalid Form Body\n' +
    'application_id[NUMBER_TYPE_COERCE]: Value "temp" is not snowflake.\n' +
    '    at handleErrors (/Users/ccladysmith/Desktop/dev/l1f3/node_modules/@discordjs/rest/src/lib/handlers/Shared.ts:148:10)\n' +
    '    at process.processTicksAndRejections (node:internal/process/task_queues:105:5)\n' +
    '    at async SequentialHandler.runRequest (/Users/ccladysmith/Desktop/dev/l1f3/node_modules/@discordjs/rest/src/lib/handlers/SequentialHandler.ts:417:20)\n' +
    '    at async SequentialHandler.queueRequest (/Users/ccladysmith/Desktop/dev/l1f3/node_modules/@discordjs/rest/src/lib/handlers/SequentialHandler.ts:169:11)\n' +
    '    at async _REST.request (/Users/ccladysmith/Desktop/dev/l1f3/node_modules/@discordjs/rest/src/lib/REST.ts:210:20)\n' +
    '    at async DiscordBotService.registerSlashCommands (/Users/ccladysmith/Desktop/dev/l1f3/backend/src/modules/integrations/discord-bot.service.ts:293:9)\n' +
    '    at async DiscordBotService.initializeBot (/Users/ccladysmith/Desktop/dev/l1f3/backend/src/modules/integrations/discord-bot.service.ts:46:7)',
  context: 'DiscordBotService',
  level: 'error',
  message: 'Failed to register slash commands: Invalid Form Body\n' +
    'application_id[NUMBER_TYPE_COERCE]: Value "temp" is not snowflake.',
  timestamp: '2025-07-07 12:12:34'
}
{
  trace: 'DiscordAPIError[50035]: Invalid Form Body\n' +
    'application_id[NUMBER_TYPE_COERCE]: Value "temp" is not snowflake.\n' +
    '    at handleErrors (/Users/ccladysmith/Desktop/dev/l1f3/node_modules/@discordjs/rest/src/lib/handlers/Shared.ts:148:10)\n' +
    '    at process.processTicksAndRejections (node:internal/process/task_queues:105:5)\n' +
    '    at async SequentialHandler.runRequest (/Users/ccladysmith/Desktop/dev/l1f3/node_modules/@discordjs/rest/src/lib/handlers/SequentialHandler.ts:417:20)\n' +
    '    at async SequentialHandler.queueRequest (/Users/ccladysmith/Desktop/dev/l1f3/node_modules/@discordjs/rest/src/lib/handlers/SequentialHandler.ts:169:11)\n' +
    '    at async _REST.request (/Users/ccladysmith/Desktop/dev/l1f3/node_modules/@discordjs/rest/src/lib/REST.ts:210:20)\n' +
    '    at async DiscordBotService.registerSlashCommands (/Users/ccladysmith/Desktop/dev/l1f3/backend/src/modules/integrations/discord-bot.service.ts:293:9)\n' +
    '    at async DiscordBotService.initializeBot (/Users/ccladysmith/Desktop/dev/l1f3/backend/src/modules/integrations/discord-bot.service.ts:46:7)',
  context: 'DiscordBotService',
  level: 'error',
  message: 'Failed to register slash commands: Invalid Form Body\n' +
    'application_id[NUMBER_TYPE_COERCE]: Value "temp" is not snowflake.',
  timestamp: '2025-07-07 12:15:25'
}
{
  trace: 'DiscordAPIError[50035]: Invalid Form Body\n' +
    'application_id[NUMBER_TYPE_COERCE]: Value "temp" is not snowflake.\n' +
    '    at handleErrors (/Users/ccladysmith/Desktop/dev/l1f3/node_modules/@discordjs/rest/src/lib/handlers/Shared.ts:148:10)\n' +
    '    at process.processTicksAndRejections (node:internal/process/task_queues:105:5)\n' +
    '    at async SequentialHandler.runRequest (/Users/ccladysmith/Desktop/dev/l1f3/node_modules/@discordjs/rest/src/lib/handlers/SequentialHandler.ts:417:20)\n' +
    '    at async SequentialHandler.queueRequest (/Users/ccladysmith/Desktop/dev/l1f3/node_modules/@discordjs/rest/src/lib/handlers/SequentialHandler.ts:169:11)\n' +
    '    at async _REST.request (/Users/ccladysmith/Desktop/dev/l1f3/node_modules/@discordjs/rest/src/lib/REST.ts:210:20)\n' +
    '    at async DiscordBotService.registerSlashCommands (/Users/ccladysmith/Desktop/dev/l1f3/backend/src/modules/integrations/discord-bot.service.ts:293:9)\n' +
    '    at async DiscordBotService.initializeBot (/Users/ccladysmith/Desktop/dev/l1f3/backend/src/modules/integrations/discord-bot.service.ts:46:7)',
  context: 'DiscordBotService',
  level: 'error',
  message: 'Failed to register slash commands: Invalid Form Body\n' +
    'application_id[NUMBER_TYPE_COERCE]: Value "temp" is not snowflake.',
  timestamp: '2025-07-07 12:19:06'
}
{
  trace: 'DiscordAPIError[50035]: Invalid Form Body\n' +
    'application_id[NUMBER_TYPE_COERCE]: Value "temp" is not snowflake.\n' +
    '    at handleErrors (/Users/ccladysmith/Desktop/dev/l1f3/node_modules/@discordjs/rest/src/lib/handlers/Shared.ts:148:10)\n' +
    '    at process.processTicksAndRejections (node:internal/process/task_queues:105:5)\n' +
    '    at async SequentialHandler.runRequest (/Users/ccladysmith/Desktop/dev/l1f3/node_modules/@discordjs/rest/src/lib/handlers/SequentialHandler.ts:417:20)\n' +
    '    at async SequentialHandler.queueRequest (/Users/ccladysmith/Desktop/dev/l1f3/node_modules/@discordjs/rest/src/lib/handlers/SequentialHandler.ts:169:11)\n' +
    '    at async _REST.request (/Users/ccladysmith/Desktop/dev/l1f3/node_modules/@discordjs/rest/src/lib/REST.ts:210:20)\n' +
    '    at async DiscordBotService.registerSlashCommands (/Users/ccladysmith/Desktop/dev/l1f3/backend/src/modules/integrations/discord-bot.service.ts:293:9)\n' +
    '    at async DiscordBotService.initializeBot (/Users/ccladysmith/Desktop/dev/l1f3/backend/src/modules/integrations/discord-bot.service.ts:46:7)',
  context: 'DiscordBotService',
  level: 'error',
  message: 'Failed to register slash commands: Invalid Form Body\n' +
    'application_id[NUMBER_TYPE_COERCE]: Value "temp" is not snowflake.',
  timestamp: '2025-07-07 12:19:40'
}
{
  trace: 'DiscordAPIError[50035]: Invalid Form Body\n' +
    'application_id[NUMBER_TYPE_COERCE]: Value "temp" is not snowflake.\n' +
    '    at handleErrors (/Users/ccladysmith/Desktop/dev/l1f3/node_modules/@discordjs/rest/src/lib/handlers/Shared.ts:148:10)\n' +
    '    at process.processTicksAndRejections (node:internal/process/task_queues:105:5)\n' +
    '    at async SequentialHandler.runRequest (/Users/ccladysmith/Desktop/dev/l1f3/node_modules/@discordjs/rest/src/lib/handlers/SequentialHandler.ts:417:20)\n' +
    '    at async SequentialHandler.queueRequest (/Users/ccladysmith/Desktop/dev/l1f3/node_modules/@discordjs/rest/src/lib/handlers/SequentialHandler.ts:169:11)\n' +
    '    at async _REST.request (/Users/ccladysmith/Desktop/dev/l1f3/node_modules/@discordjs/rest/src/lib/REST.ts:210:20)\n' +
    '    at async DiscordBotService.registerSlashCommands (/Users/ccladysmith/Desktop/dev/l1f3/backend/src/modules/integrations/discord-bot.service.ts:293:9)\n' +
    '    at async DiscordBotService.initializeBot (/Users/ccladysmith/Desktop/dev/l1f3/backend/src/modules/integrations/discord-bot.service.ts:46:7)',
  context: 'DiscordBotService',
  level: 'error',
  message: 'Failed to register slash commands: Invalid Form Body\n' +
    'application_id[NUMBER_TYPE_COERCE]: Value "temp" is not snowflake.',
  timestamp: '2025-07-07 12:22:59'
}
{
  trace: 'DiscordAPIError[50035]: Invalid Form Body\n' +
    'application_id[NUMBER_TYPE_COERCE]: Value "temp" is not snowflake.\n' +
    '    at handleErrors (/Users/ccladysmith/Desktop/dev/l1f3/node_modules/@discordjs/rest/src/lib/handlers/Shared.ts:148:10)\n' +
    '    at process.processTicksAndRejections (node:internal/process/task_queues:105:5)\n' +
    '    at async SequentialHandler.runRequest (/Users/ccladysmith/Desktop/dev/l1f3/node_modules/@discordjs/rest/src/lib/handlers/SequentialHandler.ts:417:20)\n' +
    '    at async SequentialHandler.queueRequest (/Users/ccladysmith/Desktop/dev/l1f3/node_modules/@discordjs/rest/src/lib/handlers/SequentialHandler.ts:169:11)\n' +
    '    at async _REST.request (/Users/ccladysmith/Desktop/dev/l1f3/node_modules/@discordjs/rest/src/lib/REST.ts:210:20)\n' +
    '    at async DiscordBotService.registerSlashCommands (/Users/ccladysmith/Desktop/dev/l1f3/backend/src/modules/integrations/discord-bot.service.ts:293:9)\n' +
    '    at async DiscordBotService.initializeBot (/Users/ccladysmith/Desktop/dev/l1f3/backend/src/modules/integrations/discord-bot.service.ts:46:7)',
  context: 'DiscordBotService',
  level: 'error',
  message: 'Failed to register slash commands: Invalid Form Body\n' +
    'application_id[NUMBER_TYPE_COERCE]: Value "temp" is not snowflake.',
  timestamp: '2025-07-07 13:03:49'
}
{
  trace: 'Error: No access, refresh token, API key or refresh handler callback is set.\n' +
    '    at OAuth2Client.getRequestMetadataAsync (/Users/ccladysmith/Desktop/dev/l1f3/node_modules/google-auth-library/build/src/auth/oauth2client.js:307:19)\n' +
    '    at OAuth2Client.requestAsync (/Users/ccladysmith/Desktop/dev/l1f3/node_modules/google-auth-library/build/src/auth/oauth2client.js:418:34)\n' +
    '    at OAuth2Client.request (/Users/ccladysmith/Desktop/dev/l1f3/node_modules/google-auth-library/build/src/auth/oauth2client.js:412:25)\n' +
    '    at createAPIRequestAsync (/Users/ccladysmith/Desktop/dev/l1f3/node_modules/googleapis-common/build/src/apirequest.js:303:31)\n' +
    '    at createAPIRequest (/Users/ccladysmith/Desktop/dev/l1f3/node_modules/googleapis-common/build/src/apirequest.js:52:16)\n' +
    '    at Resource$Files.create (/Users/ccladysmith/Desktop/dev/l1f3/node_modules/googleapis/build/src/apis/drive/v3.js:657:65)\n' +
    '    at GoogleDriveService.backupFinancialData (/Users/ccladysmith/Desktop/dev/l1f3/backend/src/modules/integrations/google-drive.service.ts:330:47)\n' +
    '    at GoogleDriveService.automatedHourlySnapshot (/Users/ccladysmith/Desktop/dev/l1f3/backend/src/modules/integrations/google-drive.service.ts:653:33)\n' +
    '    at process.processTicksAndRejections (node:internal/process/task_queues:105:5)\n' +
    '    at async CronJob.<anonymous> (/Users/ccladysmith/Desktop/dev/l1f3/node_modules/@nestjs/schedule/dist/schedule.explorer.js:119:17)',
  context: 'GoogleDriveService',
  level: 'error',
  message: 'Failed to backup financial data: No access, refresh token, API key or refresh handler callback is set.',
  timestamp: '2025-07-07 14:00:00'
}
{
  trace: 'No access, refresh token, API key or refresh handler callback is set.',
  context: 'GoogleDriveService',
  level: 'error',
  message: '❌ Failed to create hourly snapshot',
  timestamp: '2025-07-07 14:00:00'
}
